<?xml version="1.0" encoding="UTF-8"?>
<!-- Generated by org.testng.reporters.JUnitReportReporter -->
<testsuite skipped="0" hostname="DESKTOP-23DLBVJ" name="com.automationsite.testCases.TC_LoginTest_01" tests="1" failures="0" timestamp="22 Mar 2020 07:56:21 GMT" time="32.772" errors="0">
  <testcase name="loginTest" time="32.772" classname="com.automationsite.testCases.TC_LoginTest_01"/>
</testsuite> <!-- com.automationsite.testCases.TC_LoginTest_01 -->
