<?xml version="1.0" encoding="UTF-8"?>
<!-- Generated by org.testng.reporters.JUnitReportReporter -->
<testsuite skipped="0" hostname="DESKTOP-23DLBVJ" name="com.automationsite.testCases.TC_LoginTest_01" tests="1" failures="0" timestamp="25 Mar 2020 09:27:54 GMT" time="3.238" errors="0">
  <testcase name="loginTest" time="3.238" classname="com.automationsite.testCases.TC_LoginTest_01"/>
</testsuite> <!-- com.automationsite.testCases.TC_LoginTest_01 -->
